
      64	   8	   8388608	     0.260 

      64	   8	   8388608	     3.822 

      64	   8	   8388608	     3.161 

      64	   8	   8388608	     4.352 

      64	   8	   8388608	     4.370 

      64	   8	   8388608	     3.360 

      64	   8	   8388608	     3.343 

      64	   8	   8388608	     0.079 

      64	   8	   8388608	     4.606 

      64	   8	   8388608	     1.952 

      64	   8	   8388608	     1.322 

      64	   8	   8388608	     3.363 

      64	   8	   8388608	     4.149 

      64	   8	   8388608	     2.244 

      64	  16	   4194304	     4.926 

      64	  16	   4194304	     3.985 

      64	  16	   4194304	     4.453 

      64	  16	   4194304	     3.723 

      64	  16	   4194304	     4.293 

      64	  16	   4194304	     3.893 

      64	  16	   4194304	     2.977 

      64	  16	   4194304	     2.276 

      64	  16	   4194304	     8.219 

      64	  16	   4194304	     6.702 

      64	  16	   4194304	     7.995 

      64	  16	   4194304	     7.946 

      64	  16	   4194304	     7.527 

      64	  16	   4194304	     5.084 

      64	  32	   2097152	     7.227 

      64	  32	   2097152	     3.174 

      64	  32	   2097152	    15.478 

      64	  32	   2097152	     1.349 

      64	  32	   2097152	     2.492 

      64	  32	   2097152	    14.167 

      64	  32	   2097152	     7.927 

      64	  32	   2097152	    16.520 

      64	  32	   2097152	     9.388 

      64	  32	   2097152	    13.612 

      64	  32	   2097152	     6.294 

      64	  32	   2097152	    12.422 

      64	  32	   2097152	     6.042 

      64	  32	   2097152	     3.759 

      64	  64	   1048576	    24.996 

      64	  64	   1048576	     2.198 

      64	  64	   1048576	     2.635 

      64	  64	   1048576	     1.364 

      64	  64	   1048576	    12.816 

      64	  64	   1048576	     3.374 

      64	  64	   1048576	     2.638 

      64	  64	   1048576	    23.529 

      64	  64	   1048576	    18.714 

      64	  64	   1048576	    20.454 

      64	  64	   1048576	    20.264 

      64	  64	   1048576	    20.669 

      64	  64	   1048576	     8.130 

      64	  64	   1048576	     5.155 

      64	 128	    524288	    38.784 

      64	 128	    524288	     0.248 

      64	 128	    524288	     3.533 

      64	 128	    524288	    30.545 

      64	 128	    524288	    10.338 

      64	 128	    524288	    25.456 

      64	 128	    524288	    27.926 

      64	 128	    524288	     1.134 

      64	 128	    524288	     0.073 

      64	 128	    524288	     6.734 

      64	 128	    524288	    24.132 

      64	 128	    524288	    24.143 

      64	 128	    524288	     0.100 


