Number of Trials =      16384, BlockSize=         16 MegaTrials/Second =   533.3333 Probability = 31.665 %
Number of Trials =      16384, BlockSize=         32 MegaTrials/Second =   444.4444 Probability = 31.934 %
Number of Trials =      16384, BlockSize=         64 MegaTrials/Second =   551.7241 Probability = 31.525 %
Number of Trials =      16384, BlockSize=        128 MegaTrials/Second =   551.7241 Probability = 31.744 %
Number of Trials =      32768, BlockSize=         16 MegaTrials/Second =   915.9213 Probability = 31.793 %
Number of Trials =      32768, BlockSize=         32 MegaTrials/Second =  1109.4258 Probability = 31.635 %
Number of Trials =      32768, BlockSize=         64 MegaTrials/Second =   744.7273 Probability = 31.903 %
Number of Trials =      32768, BlockSize=        128 MegaTrials/Second =  1236.7149 Probability = 32.135 %
Number of Trials =      64512, BlockSize=         16 MegaTrials/Second =  2026.1306 Probability = 31.422 %
Number of Trials =      64512, BlockSize=         32 MegaTrials/Second =  1884.1122 Probability = 31.644 %
Number of Trials =      64512, BlockSize=         64 MegaTrials/Second =  2102.1897 Probability = 31.579 %
Number of Trials =      64512, BlockSize=        128 MegaTrials/Second =  1929.1865 Probability = 31.455 %
Number of Trials =     128000, BlockSize=         16 MegaTrials/Second =  2934.7028 Probability = 31.422 %
Number of Trials =     128000, BlockSize=         32 MegaTrials/Second =  3590.6643 Probability = 31.362 %
Number of Trials =     128000, BlockSize=         64 MegaTrials/Second =  4175.3653 Probability = 31.486 %
Number of Trials =     128000, BlockSize=        128 MegaTrials/Second =  4036.3270 Probability = 31.453 %
Number of Trials =     256000, BlockSize=         16 MegaTrials/Second =  4461.7958 Probability = 31.611 %
Number of Trials =     256000, BlockSize=         32 MegaTrials/Second =  5409.0603 Probability = 31.652 %
Number of Trials =     256000, BlockSize=         64 MegaTrials/Second =  6825.9388 Probability = 31.496 %
Number of Trials =     256000, BlockSize=        128 MegaTrials/Second =  7835.4556 Probability = 31.689 %
Number of Trials =     512000, BlockSize=         16 MegaTrials/Second =  5805.5152 Probability = 31.519 %
Number of Trials =     512000, BlockSize=         32 MegaTrials/Second =  7725.7366 Probability = 31.507 %
Number of Trials =     512000, BlockSize=         64 MegaTrials/Second = 10437.0513 Probability = 31.505 %
Number of Trials =     512000, BlockSize=        128 MegaTrials/Second = 12872.0833 Probability = 31.593 %
Number of Trials =    1000448, BlockSize=         16 MegaTrials/Second =  7515.3846 Probability = 31.608 %
Number of Trials =    1000448, BlockSize=         32 MegaTrials/Second = 11696.2210 Probability = 31.586 %
Number of Trials =    1000448, BlockSize=         64 MegaTrials/Second = 15878.1100 Probability = 31.578 %
Number of Trials =    1000448, BlockSize=        128 MegaTrials/Second = 16385.7444 Probability = 31.613 %
